<?xml version="1.0" encoding="UTF-8"?>
<!-- Generated by org.testng.reporters.JUnitReportReporter -->
<testsuite hostname="192.168.1.3" failures="0" tests="1" name="test.LoginTest" time="5.868" errors="0" timestamp="2024-12-19T22:35:01 IST" skipped="0">
  <testcase classname="test.LoginTest" name="LoginTest" time="5.868"/>
</testsuite> <!-- test.LoginTest -->
